Copyright 1986-2018 Xilinx, Inc. All Rights Reserved.
------------------------------------------------------------------------------------
| Tool Version : Vivado v.2018.3 (win64) Build 2405991 Thu Dec  6 23:38:27 MST 2018
| Date         : Wed Oct 26 21:49:51 2022
| Host         : DESKTOP-4KH8JTR running 64-bit major release  (build 9200)
| Command      : upgrade_ip
| Device       : xc7z020clg400-1
------------------------------------------------------------------------------------

Upgrade Log for IP 'axi_test_my_axi_master_0_0'

1. Summary
----------

SUCCESS in the upgrade of axi_test_my_axi_master_0_0 (xilinx.com:user:my_axi_master:1.0) from (Rev. 3) to (Rev. 4)






Copyright 1986-2018 Xilinx, Inc. All Rights Reserved.
------------------------------------------------------------------------------------
| Tool Version : Vivado v.2018.3 (win64) Build 2405991 Thu Dec  6 23:38:27 MST 2018
| Date         : Wed Oct 26 21:39:34 2022
| Host         : DESKTOP-4KH8JTR running 64-bit major release  (build 9200)
| Command      : upgrade_ip
| Device       : xc7z020clg400-1
------------------------------------------------------------------------------------

Upgrade Log for IP 'axi_test_my_axi_master_0_0'

1. Summary
----------

CAUTION (success, with warnings) in the upgrade of axi_test_my_axi_master_0_0 (xilinx.com:user:my_axi_master:1.0) from (Rev. 2) to (Rev. 3)

After upgrade, an IP may have parameter and port differences compared to the original customization. Please review the parameters within the IP customization GUI to ensure proper functionality. Also, please review the updated IP instantiation template to ensure proper connectivity, and update your design if required.

2. Connection Warnings
----------------------

Detected external port differences while upgrading 'axi_test_my_axi_master_0_0'. These changes may impact your design.


-Upgrade has added port 'axi_r_addr'

-Upgrade has added port 'axi_r_data'

-Upgrade has added port 'axi_rd'

-Upgrade has added port 'axi_w_addr'

-Upgrade has added port 'axi_w_data'


