09:58:16 INFO  : Registering command handlers for SDK TCF services
09:58:16 INFO  : Launching XSCT server: xsct.bat -interactive C:\Users\jialf\Desktop\work\fpgaModule\pl_rest\pl_rest\pl_rest.sdk\temp_xsdb_launch_script.tcl
09:58:18 INFO  : XSCT server has started successfully.
09:58:19 INFO  : Successfully done setting XSCT server connection channel  
09:58:19 INFO  : Successfully done setting SDK workspace  
09:58:19 INFO  : Processing command line option -hwspec C:/Users/jialf/Desktop/work/fpgaModule/pl_rest/pl_rest/pl_rest.sdk/design_1_wrapper.hdf.
10:01:40 INFO  : Connected to target on host '127.0.0.1' and port '3121'.
10:01:41 INFO  : Jtag cable 'Digilent JTAG-SMT2 210251A08870' is selected.
10:01:41 INFO  : 'jtag frequency' command is executed.
10:01:41 INFO  : Sourcing of 'C:/Users/jialf/Desktop/work/fpgaModule/pl_rest/pl_rest/pl_rest.sdk/design_1_wrapper_hw_platform_0/ps7_init.tcl' is done.
10:01:41 INFO  : Context for 'APU' is selected.
10:01:41 INFO  : System reset is completed.
10:01:44 INFO  : 'after 3000' command is executed.
10:01:44 INFO  : 'targets -set -filter {jtag_cable_name =~ "Digilent JTAG-SMT2 210251A08870" && level==0} -index 1' command is executed.
10:01:46 INFO  : FPGA configured successfully with bitstream "C:/Users/jialf/Desktop/work/fpgaModule/pl_rest/pl_rest/pl_rest.sdk/design_1_wrapper_hw_platform_0/design_1_wrapper.bit"
10:01:46 INFO  : Context for 'APU' is selected.
10:01:46 INFO  : Hardware design information is loaded from 'C:/Users/jialf/Desktop/work/fpgaModule/pl_rest/pl_rest/pl_rest.sdk/design_1_wrapper_hw_platform_0/system.hdf'.
10:01:46 INFO  : 'configparams force-mem-access 1' command is executed.
10:01:46 INFO  : Context for 'APU' is selected.
10:01:47 INFO  : 'ps7_init' command is executed.
10:01:47 INFO  : 'ps7_post_config' command is executed.
10:01:47 INFO  : Context for processor 'ps7_cortexa9_0' is selected.
10:01:47 INFO  : The application 'C:/Users/jialf/Desktop/work/fpgaModule/pl_rest/pl_rest/pl_rest.sdk/pl_rest_test/Debug/pl_rest_test.elf' is downloaded to processor 'ps7_cortexa9_0'.
10:01:47 INFO  : 'configparams force-mem-access 0' command is executed.
10:01:47 INFO  : ----------------XSDB Script----------------
connect -url tcp:127.0.0.1:3121
source C:/Users/jialf/Desktop/work/fpgaModule/pl_rest/pl_rest/pl_rest.sdk/design_1_wrapper_hw_platform_0/ps7_init.tcl
targets -set -nocase -filter {name =~"APU*" && jtag_cable_name =~ "Digilent JTAG-SMT2 210251A08870"} -index 0
rst -system
after 3000
targets -set -filter {jtag_cable_name =~ "Digilent JTAG-SMT2 210251A08870" && level==0} -index 1
fpga -file C:/Users/jialf/Desktop/work/fpgaModule/pl_rest/pl_rest/pl_rest.sdk/design_1_wrapper_hw_platform_0/design_1_wrapper.bit
targets -set -nocase -filter {name =~"APU*" && jtag_cable_name =~ "Digilent JTAG-SMT2 210251A08870"} -index 0
loadhw -hw C:/Users/jialf/Desktop/work/fpgaModule/pl_rest/pl_rest/pl_rest.sdk/design_1_wrapper_hw_platform_0/system.hdf -mem-ranges [list {0x40000000 0xbfffffff}]
configparams force-mem-access 1
targets -set -nocase -filter {name =~"APU*" && jtag_cable_name =~ "Digilent JTAG-SMT2 210251A08870"} -index 0
ps7_init
ps7_post_config
targets -set -nocase -filter {name =~ "ARM*#0" && jtag_cable_name =~ "Digilent JTAG-SMT2 210251A08870"} -index 0
dow C:/Users/jialf/Desktop/work/fpgaModule/pl_rest/pl_rest/pl_rest.sdk/pl_rest_test/Debug/pl_rest_test.elf
configparams force-mem-access 0
----------------End of Script----------------

10:01:47 INFO  : Memory regions updated for context APU
10:01:47 INFO  : Context for processor 'ps7_cortexa9_0' is selected.
10:01:47 INFO  : 'con' command is executed.
10:01:47 INFO  : ----------------XSDB Script (After Launch)----------------
targets -set -nocase -filter {name =~ "ARM*#0" && jtag_cable_name =~ "Digilent JTAG-SMT2 210251A08870"} -index 0
con
----------------End of Script----------------

10:01:47 INFO  : Launch script is exported to file 'C:\Users\jialf\Desktop\work\fpgaModule\pl_rest\pl_rest\pl_rest.sdk\.sdk\launch_scripts\xilinx_c-c++_application_(system_debugger)\system_debugger_using_debug_pl_rest_test.elf_on_local.tcl'
10:02:40 INFO  : Refreshed build settings on project pl_rest_test
10:03:02 INFO  : Disconnected from the channel tcfchan#1.
10:03:03 INFO  : Connected to target on host '127.0.0.1' and port '3121'.
10:03:03 INFO  : Jtag cable 'Digilent JTAG-SMT2 210251A08870' is selected.
10:03:03 INFO  : 'jtag frequency' command is executed.
10:03:03 INFO  : Sourcing of 'C:/Users/jialf/Desktop/work/fpgaModule/pl_rest/pl_rest/pl_rest.sdk/design_1_wrapper_hw_platform_0/ps7_init.tcl' is done.
10:03:03 INFO  : Context for 'APU' is selected.
10:03:03 INFO  : System reset is completed.
10:03:06 INFO  : 'after 3000' command is executed.
10:03:06 INFO  : 'targets -set -filter {jtag_cable_name =~ "Digilent JTAG-SMT2 210251A08870" && level==0} -index 1' command is executed.
10:03:09 INFO  : FPGA configured successfully with bitstream "C:/Users/jialf/Desktop/work/fpgaModule/pl_rest/pl_rest/pl_rest.sdk/design_1_wrapper_hw_platform_0/design_1_wrapper.bit"
10:03:09 INFO  : Context for 'APU' is selected.
10:03:10 INFO  : Hardware design information is loaded from 'C:/Users/jialf/Desktop/work/fpgaModule/pl_rest/pl_rest/pl_rest.sdk/design_1_wrapper_hw_platform_0/system.hdf'.
10:03:10 INFO  : 'configparams force-mem-access 1' command is executed.
10:03:10 INFO  : Context for 'APU' is selected.
10:03:10 INFO  : 'ps7_init' command is executed.
10:03:10 INFO  : 'ps7_post_config' command is executed.
10:03:10 INFO  : Context for processor 'ps7_cortexa9_0' is selected.
10:03:10 INFO  : The application 'C:/Users/jialf/Desktop/work/fpgaModule/pl_rest/pl_rest/pl_rest.sdk/pl_rest_test/Debug/pl_rest_test.elf' is downloaded to processor 'ps7_cortexa9_0'.
10:03:10 INFO  : 'configparams force-mem-access 0' command is executed.
10:03:10 INFO  : ----------------XSDB Script----------------
connect -url tcp:127.0.0.1:3121
source C:/Users/jialf/Desktop/work/fpgaModule/pl_rest/pl_rest/pl_rest.sdk/design_1_wrapper_hw_platform_0/ps7_init.tcl
targets -set -nocase -filter {name =~"APU*" && jtag_cable_name =~ "Digilent JTAG-SMT2 210251A08870"} -index 0
rst -system
after 3000
targets -set -filter {jtag_cable_name =~ "Digilent JTAG-SMT2 210251A08870" && level==0} -index 1
fpga -file C:/Users/jialf/Desktop/work/fpgaModule/pl_rest/pl_rest/pl_rest.sdk/design_1_wrapper_hw_platform_0/design_1_wrapper.bit
targets -set -nocase -filter {name =~"APU*" && jtag_cable_name =~ "Digilent JTAG-SMT2 210251A08870"} -index 0
loadhw -hw C:/Users/jialf/Desktop/work/fpgaModule/pl_rest/pl_rest/pl_rest.sdk/design_1_wrapper_hw_platform_0/system.hdf -mem-ranges [list {0x40000000 0xbfffffff}]
configparams force-mem-access 1
targets -set -nocase -filter {name =~"APU*" && jtag_cable_name =~ "Digilent JTAG-SMT2 210251A08870"} -index 0
ps7_init
ps7_post_config
targets -set -nocase -filter {name =~ "ARM*#0" && jtag_cable_name =~ "Digilent JTAG-SMT2 210251A08870"} -index 0
dow C:/Users/jialf/Desktop/work/fpgaModule/pl_rest/pl_rest/pl_rest.sdk/pl_rest_test/Debug/pl_rest_test.elf
configparams force-mem-access 0
----------------End of Script----------------

10:03:10 INFO  : Memory regions updated for context APU
10:03:11 INFO  : Context for processor 'ps7_cortexa9_0' is selected.
10:03:11 INFO  : 'con' command is executed.
10:03:11 INFO  : ----------------XSDB Script (After Launch)----------------
targets -set -nocase -filter {name =~ "ARM*#0" && jtag_cable_name =~ "Digilent JTAG-SMT2 210251A08870"} -index 0
con
----------------End of Script----------------

10:03:11 INFO  : Launch script is exported to file 'C:\Users\jialf\Desktop\work\fpgaModule\pl_rest\pl_rest\pl_rest.sdk\.sdk\launch_scripts\xilinx_c-c++_application_(system_debugger)\system_debugger_using_debug_pl_rest_test.elf_on_local.tcl'
10:04:28 INFO  : Disconnected from the channel tcfchan#2.
10:04:29 INFO  : Connected to target on host '127.0.0.1' and port '3121'.
10:04:30 INFO  : Jtag cable 'Digilent JTAG-SMT2 210251A08870' is selected.
10:04:30 INFO  : 'jtag frequency' command is executed.
10:04:30 INFO  : Sourcing of 'C:/Users/jialf/Desktop/work/fpgaModule/pl_rest/pl_rest/pl_rest.sdk/design_1_wrapper_hw_platform_0/ps7_init.tcl' is done.
10:04:30 INFO  : Context for 'APU' is selected.
10:04:30 INFO  : System reset is completed.
10:04:33 INFO  : 'after 3000' command is executed.
10:04:34 INFO  : 'targets -set -filter {jtag_cable_name =~ "Digilent JTAG-SMT2 210251A08870" && level==0} -index 1' command is executed.
10:04:36 INFO  : FPGA configured successfully with bitstream "C:/Users/jialf/Desktop/work/fpgaModule/pl_rest/pl_rest/pl_rest.sdk/design_1_wrapper_hw_platform_0/design_1_wrapper.bit"
10:04:36 INFO  : Context for 'APU' is selected.
10:04:36 INFO  : Hardware design information is loaded from 'C:/Users/jialf/Desktop/work/fpgaModule/pl_rest/pl_rest/pl_rest.sdk/design_1_wrapper_hw_platform_0/system.hdf'.
10:04:36 INFO  : 'configparams force-mem-access 1' command is executed.
10:04:36 INFO  : Context for 'APU' is selected.
10:04:37 INFO  : 'ps7_init' command is executed.
10:04:37 INFO  : 'ps7_post_config' command is executed.
10:04:37 INFO  : Context for processor 'ps7_cortexa9_0' is selected.
10:04:37 INFO  : The application 'C:/Users/jialf/Desktop/work/fpgaModule/pl_rest/pl_rest/pl_rest.sdk/pl_rest_test/Debug/pl_rest_test.elf' is downloaded to processor 'ps7_cortexa9_0'.
10:04:37 INFO  : 'configparams force-mem-access 0' command is executed.
10:04:37 INFO  : ----------------XSDB Script----------------
connect -url tcp:127.0.0.1:3121
source C:/Users/jialf/Desktop/work/fpgaModule/pl_rest/pl_rest/pl_rest.sdk/design_1_wrapper_hw_platform_0/ps7_init.tcl
targets -set -nocase -filter {name =~"APU*" && jtag_cable_name =~ "Digilent JTAG-SMT2 210251A08870"} -index 0
rst -system
after 3000
targets -set -filter {jtag_cable_name =~ "Digilent JTAG-SMT2 210251A08870" && level==0} -index 1
fpga -file C:/Users/jialf/Desktop/work/fpgaModule/pl_rest/pl_rest/pl_rest.sdk/design_1_wrapper_hw_platform_0/design_1_wrapper.bit
targets -set -nocase -filter {name =~"APU*" && jtag_cable_name =~ "Digilent JTAG-SMT2 210251A08870"} -index 0
loadhw -hw C:/Users/jialf/Desktop/work/fpgaModule/pl_rest/pl_rest/pl_rest.sdk/design_1_wrapper_hw_platform_0/system.hdf -mem-ranges [list {0x40000000 0xbfffffff}]
configparams force-mem-access 1
targets -set -nocase -filter {name =~"APU*" && jtag_cable_name =~ "Digilent JTAG-SMT2 210251A08870"} -index 0
ps7_init
ps7_post_config
targets -set -nocase -filter {name =~ "ARM*#0" && jtag_cable_name =~ "Digilent JTAG-SMT2 210251A08870"} -index 0
dow C:/Users/jialf/Desktop/work/fpgaModule/pl_rest/pl_rest/pl_rest.sdk/pl_rest_test/Debug/pl_rest_test.elf
configparams force-mem-access 0
----------------End of Script----------------

10:04:37 INFO  : Memory regions updated for context APU
10:04:37 INFO  : Context for processor 'ps7_cortexa9_0' is selected.
10:04:37 INFO  : 'con' command is executed.
10:04:37 INFO  : ----------------XSDB Script (After Launch)----------------
targets -set -nocase -filter {name =~ "ARM*#0" && jtag_cable_name =~ "Digilent JTAG-SMT2 210251A08870"} -index 0
con
----------------End of Script----------------

10:04:37 INFO  : Launch script is exported to file 'C:\Users\jialf\Desktop\work\fpgaModule\pl_rest\pl_rest\pl_rest.sdk\.sdk\launch_scripts\xilinx_c-c++_application_(system_debugger)\system_debugger_using_debug_pl_rest_test.elf_on_local.tcl'
10:08:30 INFO  : Disconnected from the channel tcfchan#3.
10:08:31 INFO  : Connected to target on host '127.0.0.1' and port '3121'.
10:08:31 INFO  : Jtag cable 'Digilent JTAG-SMT2 210251A08870' is selected.
10:08:31 INFO  : 'jtag frequency' command is executed.
10:08:31 INFO  : Sourcing of 'C:/Users/jialf/Desktop/work/fpgaModule/pl_rest/pl_rest/pl_rest.sdk/design_1_wrapper_hw_platform_0/ps7_init.tcl' is done.
10:08:31 INFO  : Context for 'APU' is selected.
10:08:31 INFO  : System reset is completed.
10:08:34 INFO  : 'after 3000' command is executed.
10:08:34 INFO  : 'targets -set -filter {jtag_cable_name =~ "Digilent JTAG-SMT2 210251A08870" && level==0} -index 1' command is executed.
10:08:37 INFO  : FPGA configured successfully with bitstream "C:/Users/jialf/Desktop/work/fpgaModule/pl_rest/pl_rest/pl_rest.sdk/design_1_wrapper_hw_platform_0/design_1_wrapper.bit"
10:08:37 INFO  : Context for 'APU' is selected.
10:08:38 INFO  : Hardware design information is loaded from 'C:/Users/jialf/Desktop/work/fpgaModule/pl_rest/pl_rest/pl_rest.sdk/design_1_wrapper_hw_platform_0/system.hdf'.
10:08:38 INFO  : 'configparams force-mem-access 1' command is executed.
10:08:38 INFO  : Context for 'APU' is selected.
10:08:38 INFO  : 'ps7_init' command is executed.
10:08:38 INFO  : 'ps7_post_config' command is executed.
10:08:38 INFO  : Context for processor 'ps7_cortexa9_0' is selected.
10:08:39 INFO  : The application 'C:/Users/jialf/Desktop/work/fpgaModule/pl_rest/pl_rest/pl_rest.sdk/pl_rest_test/Debug/pl_rest_test.elf' is downloaded to processor 'ps7_cortexa9_0'.
10:08:39 INFO  : 'configparams force-mem-access 0' command is executed.
10:08:39 INFO  : ----------------XSDB Script----------------
connect -url tcp:127.0.0.1:3121
source C:/Users/jialf/Desktop/work/fpgaModule/pl_rest/pl_rest/pl_rest.sdk/design_1_wrapper_hw_platform_0/ps7_init.tcl
targets -set -nocase -filter {name =~"APU*" && jtag_cable_name =~ "Digilent JTAG-SMT2 210251A08870"} -index 0
rst -system
after 3000
targets -set -filter {jtag_cable_name =~ "Digilent JTAG-SMT2 210251A08870" && level==0} -index 1
fpga -file C:/Users/jialf/Desktop/work/fpgaModule/pl_rest/pl_rest/pl_rest.sdk/design_1_wrapper_hw_platform_0/design_1_wrapper.bit
targets -set -nocase -filter {name =~"APU*" && jtag_cable_name =~ "Digilent JTAG-SMT2 210251A08870"} -index 0
loadhw -hw C:/Users/jialf/Desktop/work/fpgaModule/pl_rest/pl_rest/pl_rest.sdk/design_1_wrapper_hw_platform_0/system.hdf -mem-ranges [list {0x40000000 0xbfffffff}]
configparams force-mem-access 1
targets -set -nocase -filter {name =~"APU*" && jtag_cable_name =~ "Digilent JTAG-SMT2 210251A08870"} -index 0
ps7_init
ps7_post_config
targets -set -nocase -filter {name =~ "ARM*#0" && jtag_cable_name =~ "Digilent JTAG-SMT2 210251A08870"} -index 0
dow C:/Users/jialf/Desktop/work/fpgaModule/pl_rest/pl_rest/pl_rest.sdk/pl_rest_test/Debug/pl_rest_test.elf
configparams force-mem-access 0
----------------End of Script----------------

10:08:39 INFO  : Memory regions updated for context APU
10:08:39 INFO  : Context for processor 'ps7_cortexa9_0' is selected.
10:08:39 INFO  : 'con' command is executed.
10:08:39 INFO  : ----------------XSDB Script (After Launch)----------------
targets -set -nocase -filter {name =~ "ARM*#0" && jtag_cable_name =~ "Digilent JTAG-SMT2 210251A08870"} -index 0
con
----------------End of Script----------------

10:08:39 INFO  : Launch script is exported to file 'C:\Users\jialf\Desktop\work\fpgaModule\pl_rest\pl_rest\pl_rest.sdk\.sdk\launch_scripts\xilinx_c-c++_application_(system_debugger)\system_debugger_using_debug_pl_rest_test.elf_on_local.tcl'
10:12:06 INFO  : Disconnected from the channel tcfchan#4.
10:12:07 INFO  : Connected to target on host '127.0.0.1' and port '3121'.
10:12:07 INFO  : Jtag cable 'Digilent JTAG-SMT2 210251A08870' is selected.
10:12:07 INFO  : 'jtag frequency' command is executed.
10:12:07 INFO  : Sourcing of 'C:/Users/jialf/Desktop/work/fpgaModule/pl_rest/pl_rest/pl_rest.sdk/design_1_wrapper_hw_platform_0/ps7_init.tcl' is done.
10:12:07 INFO  : Context for 'APU' is selected.
10:12:07 INFO  : System reset is completed.
10:12:10 INFO  : 'after 3000' command is executed.
10:12:10 INFO  : 'targets -set -filter {jtag_cable_name =~ "Digilent JTAG-SMT2 210251A08870" && level==0} -index 1' command is executed.
10:12:13 INFO  : FPGA configured successfully with bitstream "C:/Users/jialf/Desktop/work/fpgaModule/pl_rest/pl_rest/pl_rest.sdk/design_1_wrapper_hw_platform_0/design_1_wrapper.bit"
10:12:13 INFO  : Context for 'APU' is selected.
10:12:14 INFO  : Hardware design information is loaded from 'C:/Users/jialf/Desktop/work/fpgaModule/pl_rest/pl_rest/pl_rest.sdk/design_1_wrapper_hw_platform_0/system.hdf'.
10:12:14 INFO  : 'configparams force-mem-access 1' command is executed.
10:12:14 INFO  : Context for 'APU' is selected.
10:12:14 INFO  : 'ps7_init' command is executed.
10:12:14 INFO  : 'ps7_post_config' command is executed.
10:12:14 INFO  : Context for processor 'ps7_cortexa9_0' is selected.
10:12:15 INFO  : The application 'C:/Users/jialf/Desktop/work/fpgaModule/pl_rest/pl_rest/pl_rest.sdk/pl_rest_test/Debug/pl_rest_test.elf' is downloaded to processor 'ps7_cortexa9_0'.
10:12:15 INFO  : 'configparams force-mem-access 0' command is executed.
10:12:15 INFO  : ----------------XSDB Script----------------
connect -url tcp:127.0.0.1:3121
source C:/Users/jialf/Desktop/work/fpgaModule/pl_rest/pl_rest/pl_rest.sdk/design_1_wrapper_hw_platform_0/ps7_init.tcl
targets -set -nocase -filter {name =~"APU*" && jtag_cable_name =~ "Digilent JTAG-SMT2 210251A08870"} -index 0
rst -system
after 3000
targets -set -filter {jtag_cable_name =~ "Digilent JTAG-SMT2 210251A08870" && level==0} -index 1
fpga -file C:/Users/jialf/Desktop/work/fpgaModule/pl_rest/pl_rest/pl_rest.sdk/design_1_wrapper_hw_platform_0/design_1_wrapper.bit
targets -set -nocase -filter {name =~"APU*" && jtag_cable_name =~ "Digilent JTAG-SMT2 210251A08870"} -index 0
loadhw -hw C:/Users/jialf/Desktop/work/fpgaModule/pl_rest/pl_rest/pl_rest.sdk/design_1_wrapper_hw_platform_0/system.hdf -mem-ranges [list {0x40000000 0xbfffffff}]
configparams force-mem-access 1
targets -set -nocase -filter {name =~"APU*" && jtag_cable_name =~ "Digilent JTAG-SMT2 210251A08870"} -index 0
ps7_init
ps7_post_config
targets -set -nocase -filter {name =~ "ARM*#0" && jtag_cable_name =~ "Digilent JTAG-SMT2 210251A08870"} -index 0
dow C:/Users/jialf/Desktop/work/fpgaModule/pl_rest/pl_rest/pl_rest.sdk/pl_rest_test/Debug/pl_rest_test.elf
configparams force-mem-access 0
----------------End of Script----------------

10:12:15 INFO  : Memory regions updated for context APU
10:12:15 INFO  : Context for processor 'ps7_cortexa9_0' is selected.
10:12:15 INFO  : 'con' command is executed.
10:12:15 INFO  : ----------------XSDB Script (After Launch)----------------
targets -set -nocase -filter {name =~ "ARM*#0" && jtag_cable_name =~ "Digilent JTAG-SMT2 210251A08870"} -index 0
con
----------------End of Script----------------

10:12:15 INFO  : Launch script is exported to file 'C:\Users\jialf\Desktop\work\fpgaModule\pl_rest\pl_rest\pl_rest.sdk\.sdk\launch_scripts\xilinx_c-c++_application_(system_debugger)\system_debugger_using_debug_pl_rest_test.elf_on_local.tcl'
10:12:45 INFO  : Disconnected from the channel tcfchan#5.
10:12:46 INFO  : Connected to target on host '127.0.0.1' and port '3121'.
10:12:46 INFO  : Jtag cable 'Digilent JTAG-SMT2 210251A08870' is selected.
10:12:46 INFO  : 'jtag frequency' command is executed.
10:12:46 INFO  : Sourcing of 'C:/Users/jialf/Desktop/work/fpgaModule/pl_rest/pl_rest/pl_rest.sdk/design_1_wrapper_hw_platform_0/ps7_init.tcl' is done.
10:12:46 INFO  : Context for 'APU' is selected.
10:12:47 INFO  : System reset is completed.
10:12:50 INFO  : 'after 3000' command is executed.
10:12:50 INFO  : 'targets -set -filter {jtag_cable_name =~ "Digilent JTAG-SMT2 210251A08870" && level==0} -index 1' command is executed.
10:12:52 INFO  : FPGA configured successfully with bitstream "C:/Users/jialf/Desktop/work/fpgaModule/pl_rest/pl_rest/pl_rest.sdk/design_1_wrapper_hw_platform_0/design_1_wrapper.bit"
10:12:52 INFO  : Context for 'APU' is selected.
10:12:53 INFO  : Hardware design information is loaded from 'C:/Users/jialf/Desktop/work/fpgaModule/pl_rest/pl_rest/pl_rest.sdk/design_1_wrapper_hw_platform_0/system.hdf'.
10:12:53 INFO  : 'configparams force-mem-access 1' command is executed.
10:12:53 INFO  : Context for 'APU' is selected.
10:12:54 INFO  : 'ps7_init' command is executed.
10:12:54 INFO  : 'ps7_post_config' command is executed.
10:12:54 INFO  : Context for processor 'ps7_cortexa9_0' is selected.
10:12:54 INFO  : The application 'C:/Users/jialf/Desktop/work/fpgaModule/pl_rest/pl_rest/pl_rest.sdk/pl_rest_test/Debug/pl_rest_test.elf' is downloaded to processor 'ps7_cortexa9_0'.
10:12:54 INFO  : 'configparams force-mem-access 0' command is executed.
10:12:54 INFO  : ----------------XSDB Script----------------
connect -url tcp:127.0.0.1:3121
source C:/Users/jialf/Desktop/work/fpgaModule/pl_rest/pl_rest/pl_rest.sdk/design_1_wrapper_hw_platform_0/ps7_init.tcl
targets -set -nocase -filter {name =~"APU*" && jtag_cable_name =~ "Digilent JTAG-SMT2 210251A08870"} -index 0
rst -system
after 3000
targets -set -filter {jtag_cable_name =~ "Digilent JTAG-SMT2 210251A08870" && level==0} -index 1
fpga -file C:/Users/jialf/Desktop/work/fpgaModule/pl_rest/pl_rest/pl_rest.sdk/design_1_wrapper_hw_platform_0/design_1_wrapper.bit
targets -set -nocase -filter {name =~"APU*" && jtag_cable_name =~ "Digilent JTAG-SMT2 210251A08870"} -index 0
loadhw -hw C:/Users/jialf/Desktop/work/fpgaModule/pl_rest/pl_rest/pl_rest.sdk/design_1_wrapper_hw_platform_0/system.hdf -mem-ranges [list {0x40000000 0xbfffffff}]
configparams force-mem-access 1
targets -set -nocase -filter {name =~"APU*" && jtag_cable_name =~ "Digilent JTAG-SMT2 210251A08870"} -index 0
ps7_init
ps7_post_config
targets -set -nocase -filter {name =~ "ARM*#0" && jtag_cable_name =~ "Digilent JTAG-SMT2 210251A08870"} -index 0
dow C:/Users/jialf/Desktop/work/fpgaModule/pl_rest/pl_rest/pl_rest.sdk/pl_rest_test/Debug/pl_rest_test.elf
configparams force-mem-access 0
----------------End of Script----------------

10:12:54 INFO  : Memory regions updated for context APU
10:12:54 INFO  : Context for processor 'ps7_cortexa9_0' is selected.
10:12:54 INFO  : 'con' command is executed.
10:12:54 INFO  : ----------------XSDB Script (After Launch)----------------
targets -set -nocase -filter {name =~ "ARM*#0" && jtag_cable_name =~ "Digilent JTAG-SMT2 210251A08870"} -index 0
con
----------------End of Script----------------

10:12:54 INFO  : Launch script is exported to file 'C:\Users\jialf\Desktop\work\fpgaModule\pl_rest\pl_rest\pl_rest.sdk\.sdk\launch_scripts\xilinx_c-c++_application_(system_debugger)\system_debugger_using_debug_pl_rest_test.elf_on_local.tcl'
10:13:15 INFO  : Disconnected from the channel tcfchan#6.
10:13:16 INFO  : Connected to target on host '127.0.0.1' and port '3121'.
10:13:16 INFO  : Jtag cable 'Digilent JTAG-SMT2 210251A08870' is selected.
10:13:16 INFO  : 'jtag frequency' command is executed.
10:13:16 INFO  : Sourcing of 'C:/Users/jialf/Desktop/work/fpgaModule/pl_rest/pl_rest/pl_rest.sdk/design_1_wrapper_hw_platform_0/ps7_init.tcl' is done.
10:13:16 INFO  : Context for 'APU' is selected.
10:13:16 INFO  : System reset is completed.
10:13:19 INFO  : 'after 3000' command is executed.
10:13:19 INFO  : 'targets -set -filter {jtag_cable_name =~ "Digilent JTAG-SMT2 210251A08870" && level==0} -index 1' command is executed.
10:13:22 INFO  : FPGA configured successfully with bitstream "C:/Users/jialf/Desktop/work/fpgaModule/pl_rest/pl_rest/pl_rest.sdk/design_1_wrapper_hw_platform_0/design_1_wrapper.bit"
10:13:22 INFO  : Context for 'APU' is selected.
10:13:23 INFO  : Hardware design information is loaded from 'C:/Users/jialf/Desktop/work/fpgaModule/pl_rest/pl_rest/pl_rest.sdk/design_1_wrapper_hw_platform_0/system.hdf'.
10:13:23 INFO  : 'configparams force-mem-access 1' command is executed.
10:13:23 INFO  : Context for 'APU' is selected.
10:13:24 INFO  : 'ps7_init' command is executed.
10:13:24 INFO  : 'ps7_post_config' command is executed.
10:13:24 INFO  : Context for processor 'ps7_cortexa9_0' is selected.
10:13:24 INFO  : The application 'C:/Users/jialf/Desktop/work/fpgaModule/pl_rest/pl_rest/pl_rest.sdk/pl_rest_test/Debug/pl_rest_test.elf' is downloaded to processor 'ps7_cortexa9_0'.
10:13:24 INFO  : 'configparams force-mem-access 0' command is executed.
10:13:24 INFO  : ----------------XSDB Script----------------
connect -url tcp:127.0.0.1:3121
source C:/Users/jialf/Desktop/work/fpgaModule/pl_rest/pl_rest/pl_rest.sdk/design_1_wrapper_hw_platform_0/ps7_init.tcl
targets -set -nocase -filter {name =~"APU*" && jtag_cable_name =~ "Digilent JTAG-SMT2 210251A08870"} -index 0
rst -system
after 3000
targets -set -filter {jtag_cable_name =~ "Digilent JTAG-SMT2 210251A08870" && level==0} -index 1
fpga -file C:/Users/jialf/Desktop/work/fpgaModule/pl_rest/pl_rest/pl_rest.sdk/design_1_wrapper_hw_platform_0/design_1_wrapper.bit
targets -set -nocase -filter {name =~"APU*" && jtag_cable_name =~ "Digilent JTAG-SMT2 210251A08870"} -index 0
loadhw -hw C:/Users/jialf/Desktop/work/fpgaModule/pl_rest/pl_rest/pl_rest.sdk/design_1_wrapper_hw_platform_0/system.hdf -mem-ranges [list {0x40000000 0xbfffffff}]
configparams force-mem-access 1
targets -set -nocase -filter {name =~"APU*" && jtag_cable_name =~ "Digilent JTAG-SMT2 210251A08870"} -index 0
ps7_init
ps7_post_config
targets -set -nocase -filter {name =~ "ARM*#0" && jtag_cable_name =~ "Digilent JTAG-SMT2 210251A08870"} -index 0
dow C:/Users/jialf/Desktop/work/fpgaModule/pl_rest/pl_rest/pl_rest.sdk/pl_rest_test/Debug/pl_rest_test.elf
configparams force-mem-access 0
----------------End of Script----------------

10:13:24 INFO  : Memory regions updated for context APU
10:13:24 INFO  : Context for processor 'ps7_cortexa9_0' is selected.
10:13:24 INFO  : 'con' command is executed.
10:13:24 INFO  : ----------------XSDB Script (After Launch)----------------
targets -set -nocase -filter {name =~ "ARM*#0" && jtag_cable_name =~ "Digilent JTAG-SMT2 210251A08870"} -index 0
con
----------------End of Script----------------

10:13:24 INFO  : Launch script is exported to file 'C:\Users\jialf\Desktop\work\fpgaModule\pl_rest\pl_rest\pl_rest.sdk\.sdk\launch_scripts\xilinx_c-c++_application_(system_debugger)\system_debugger_using_debug_pl_rest_test.elf_on_local.tcl'
10:13:37 INFO  : Disconnected from the channel tcfchan#7.
10:13:38 INFO  : Connected to target on host '127.0.0.1' and port '3121'.
10:13:39 INFO  : Jtag cable 'Digilent JTAG-SMT2 210251A08870' is selected.
10:13:39 INFO  : 'jtag frequency' command is executed.
10:13:39 INFO  : Sourcing of 'C:/Users/jialf/Desktop/work/fpgaModule/pl_rest/pl_rest/pl_rest.sdk/design_1_wrapper_hw_platform_0/ps7_init.tcl' is done.
10:13:39 INFO  : Context for 'APU' is selected.
10:13:39 INFO  : System reset is completed.
10:13:42 INFO  : 'after 3000' command is executed.
10:13:42 INFO  : 'targets -set -filter {jtag_cable_name =~ "Digilent JTAG-SMT2 210251A08870" && level==0} -index 1' command is executed.
10:13:44 INFO  : FPGA configured successfully with bitstream "C:/Users/jialf/Desktop/work/fpgaModule/pl_rest/pl_rest/pl_rest.sdk/design_1_wrapper_hw_platform_0/design_1_wrapper.bit"
10:13:44 INFO  : Context for 'APU' is selected.
10:13:45 INFO  : Hardware design information is loaded from 'C:/Users/jialf/Desktop/work/fpgaModule/pl_rest/pl_rest/pl_rest.sdk/design_1_wrapper_hw_platform_0/system.hdf'.
10:13:45 INFO  : 'configparams force-mem-access 1' command is executed.
10:13:45 INFO  : Context for 'APU' is selected.
10:13:46 INFO  : 'ps7_init' command is executed.
10:13:46 INFO  : 'ps7_post_config' command is executed.
10:13:46 INFO  : Context for processor 'ps7_cortexa9_0' is selected.
10:13:46 INFO  : The application 'C:/Users/jialf/Desktop/work/fpgaModule/pl_rest/pl_rest/pl_rest.sdk/pl_rest_test/Debug/pl_rest_test.elf' is downloaded to processor 'ps7_cortexa9_0'.
10:13:46 INFO  : 'configparams force-mem-access 0' command is executed.
10:13:46 INFO  : ----------------XSDB Script----------------
connect -url tcp:127.0.0.1:3121
source C:/Users/jialf/Desktop/work/fpgaModule/pl_rest/pl_rest/pl_rest.sdk/design_1_wrapper_hw_platform_0/ps7_init.tcl
targets -set -nocase -filter {name =~"APU*" && jtag_cable_name =~ "Digilent JTAG-SMT2 210251A08870"} -index 0
rst -system
after 3000
targets -set -filter {jtag_cable_name =~ "Digilent JTAG-SMT2 210251A08870" && level==0} -index 1
fpga -file C:/Users/jialf/Desktop/work/fpgaModule/pl_rest/pl_rest/pl_rest.sdk/design_1_wrapper_hw_platform_0/design_1_wrapper.bit
targets -set -nocase -filter {name =~"APU*" && jtag_cable_name =~ "Digilent JTAG-SMT2 210251A08870"} -index 0
loadhw -hw C:/Users/jialf/Desktop/work/fpgaModule/pl_rest/pl_rest/pl_rest.sdk/design_1_wrapper_hw_platform_0/system.hdf -mem-ranges [list {0x40000000 0xbfffffff}]
configparams force-mem-access 1
targets -set -nocase -filter {name =~"APU*" && jtag_cable_name =~ "Digilent JTAG-SMT2 210251A08870"} -index 0
ps7_init
ps7_post_config
targets -set -nocase -filter {name =~ "ARM*#0" && jtag_cable_name =~ "Digilent JTAG-SMT2 210251A08870"} -index 0
dow C:/Users/jialf/Desktop/work/fpgaModule/pl_rest/pl_rest/pl_rest.sdk/pl_rest_test/Debug/pl_rest_test.elf
configparams force-mem-access 0
----------------End of Script----------------

10:13:46 INFO  : Memory regions updated for context APU
10:13:46 INFO  : Context for processor 'ps7_cortexa9_0' is selected.
10:13:46 INFO  : 'con' command is executed.
10:13:46 INFO  : ----------------XSDB Script (After Launch)----------------
targets -set -nocase -filter {name =~ "ARM*#0" && jtag_cable_name =~ "Digilent JTAG-SMT2 210251A08870"} -index 0
con
----------------End of Script----------------

10:13:46 INFO  : Launch script is exported to file 'C:\Users\jialf\Desktop\work\fpgaModule\pl_rest\pl_rest\pl_rest.sdk\.sdk\launch_scripts\xilinx_c-c++_application_(system_debugger)\system_debugger_using_debug_pl_rest_test.elf_on_local.tcl'
10:14:32 INFO  : Disconnected from the channel tcfchan#8.
10:14:33 INFO  : Connected to target on host '127.0.0.1' and port '3121'.
10:14:33 INFO  : Jtag cable 'Digilent JTAG-SMT2 210251A08870' is selected.
10:14:33 INFO  : 'jtag frequency' command is executed.
10:14:33 INFO  : Sourcing of 'C:/Users/jialf/Desktop/work/fpgaModule/pl_rest/pl_rest/pl_rest.sdk/design_1_wrapper_hw_platform_0/ps7_init.tcl' is done.
10:14:33 INFO  : Context for 'APU' is selected.
10:14:33 INFO  : System reset is completed.
10:14:36 INFO  : 'after 3000' command is executed.
10:14:36 INFO  : 'targets -set -filter {jtag_cable_name =~ "Digilent JTAG-SMT2 210251A08870" && level==0} -index 1' command is executed.
10:14:39 INFO  : FPGA configured successfully with bitstream "C:/Users/jialf/Desktop/work/fpgaModule/pl_rest/pl_rest/pl_rest.sdk/design_1_wrapper_hw_platform_0/design_1_wrapper.bit"
10:14:39 INFO  : Context for 'APU' is selected.
10:14:40 INFO  : Hardware design information is loaded from 'C:/Users/jialf/Desktop/work/fpgaModule/pl_rest/pl_rest/pl_rest.sdk/design_1_wrapper_hw_platform_0/system.hdf'.
10:14:40 INFO  : 'configparams force-mem-access 1' command is executed.
10:14:40 INFO  : Context for 'APU' is selected.
10:14:40 INFO  : 'ps7_init' command is executed.
10:14:40 INFO  : 'ps7_post_config' command is executed.
10:14:40 INFO  : Context for processor 'ps7_cortexa9_0' is selected.
10:14:40 INFO  : The application 'C:/Users/jialf/Desktop/work/fpgaModule/pl_rest/pl_rest/pl_rest.sdk/pl_rest_test/Debug/pl_rest_test.elf' is downloaded to processor 'ps7_cortexa9_0'.
10:14:40 INFO  : 'configparams force-mem-access 0' command is executed.
10:14:40 INFO  : ----------------XSDB Script----------------
connect -url tcp:127.0.0.1:3121
source C:/Users/jialf/Desktop/work/fpgaModule/pl_rest/pl_rest/pl_rest.sdk/design_1_wrapper_hw_platform_0/ps7_init.tcl
targets -set -nocase -filter {name =~"APU*" && jtag_cable_name =~ "Digilent JTAG-SMT2 210251A08870"} -index 0
rst -system
after 3000
targets -set -filter {jtag_cable_name =~ "Digilent JTAG-SMT2 210251A08870" && level==0} -index 1
fpga -file C:/Users/jialf/Desktop/work/fpgaModule/pl_rest/pl_rest/pl_rest.sdk/design_1_wrapper_hw_platform_0/design_1_wrapper.bit
targets -set -nocase -filter {name =~"APU*" && jtag_cable_name =~ "Digilent JTAG-SMT2 210251A08870"} -index 0
loadhw -hw C:/Users/jialf/Desktop/work/fpgaModule/pl_rest/pl_rest/pl_rest.sdk/design_1_wrapper_hw_platform_0/system.hdf -mem-ranges [list {0x40000000 0xbfffffff}]
configparams force-mem-access 1
targets -set -nocase -filter {name =~"APU*" && jtag_cable_name =~ "Digilent JTAG-SMT2 210251A08870"} -index 0
ps7_init
ps7_post_config
targets -set -nocase -filter {name =~ "ARM*#0" && jtag_cable_name =~ "Digilent JTAG-SMT2 210251A08870"} -index 0
dow C:/Users/jialf/Desktop/work/fpgaModule/pl_rest/pl_rest/pl_rest.sdk/pl_rest_test/Debug/pl_rest_test.elf
configparams force-mem-access 0
----------------End of Script----------------

10:14:40 INFO  : Memory regions updated for context APU
10:14:40 INFO  : Context for processor 'ps7_cortexa9_0' is selected.
10:14:40 INFO  : 'con' command is executed.
10:14:40 INFO  : ----------------XSDB Script (After Launch)----------------
targets -set -nocase -filter {name =~ "ARM*#0" && jtag_cable_name =~ "Digilent JTAG-SMT2 210251A08870"} -index 0
con
----------------End of Script----------------

10:14:40 INFO  : Launch script is exported to file 'C:\Users\jialf\Desktop\work\fpgaModule\pl_rest\pl_rest\pl_rest.sdk\.sdk\launch_scripts\xilinx_c-c++_application_(system_debugger)\system_debugger_using_debug_pl_rest_test.elf_on_local.tcl'
11:24:37 INFO  : Disconnected from the channel tcfchan#9.
11:24:38 INFO  : 'targets -set -filter {jtag_cable_name =~ "Digilent JTAG-SMT2 210251A08870" && level==0} -index 1' command is executed.
11:24:38 INFO  : 'fpga -state' command is executed.
11:24:38 INFO  : Connected to target on host '127.0.0.1' and port '3121'.
11:24:39 INFO  : Jtag cable 'Digilent JTAG-SMT2 210251A08870' is selected.
11:24:39 INFO  : 'jtag frequency' command is executed.
11:24:39 INFO  : Sourcing of 'C:/Users/jialf/Desktop/work/fpgaModule/pl_rest/pl_rest/pl_rest.sdk/design_1_wrapper_hw_platform_0/ps7_init.tcl' is done.
11:24:39 INFO  : Context for 'APU' is selected.
11:24:40 INFO  : Hardware design information is loaded from 'C:/Users/jialf/Desktop/work/fpgaModule/pl_rest/pl_rest/pl_rest.sdk/design_1_wrapper_hw_platform_0/system.hdf'.
11:24:40 INFO  : 'configparams force-mem-access 1' command is executed.
11:24:40 INFO  : Context for 'APU' is selected.
11:24:40 INFO  : 'stop' command is executed.
11:24:40 INFO  : 'ps7_init' command is executed.
11:24:40 INFO  : 'ps7_post_config' command is executed.
11:24:40 INFO  : Context for processor 'ps7_cortexa9_0' is selected.
11:24:40 INFO  : Processor reset is completed for 'ps7_cortexa9_0'.
11:24:40 INFO  : Context for processor 'ps7_cortexa9_0' is selected.
11:24:41 INFO  : The application 'C:/Users/jialf/Desktop/work/fpgaModule/pl_rest/pl_rest/pl_rest.sdk/pl_rest_test/Debug/pl_rest_test.elf' is downloaded to processor 'ps7_cortexa9_0'.
11:24:41 INFO  : 'configparams force-mem-access 0' command is executed.
11:24:41 INFO  : ----------------XSDB Script----------------
connect -url tcp:127.0.0.1:3121
source C:/Users/jialf/Desktop/work/fpgaModule/pl_rest/pl_rest/pl_rest.sdk/design_1_wrapper_hw_platform_0/ps7_init.tcl
targets -set -nocase -filter {name =~"APU*" && jtag_cable_name =~ "Digilent JTAG-SMT2 210251A08870"} -index 0
loadhw -hw C:/Users/jialf/Desktop/work/fpgaModule/pl_rest/pl_rest/pl_rest.sdk/design_1_wrapper_hw_platform_0/system.hdf -mem-ranges [list {0x40000000 0xbfffffff}]
configparams force-mem-access 1
targets -set -nocase -filter {name =~"APU*" && jtag_cable_name =~ "Digilent JTAG-SMT2 210251A08870"} -index 0
stop
ps7_init
ps7_post_config
targets -set -nocase -filter {name =~ "ARM*#0" && jtag_cable_name =~ "Digilent JTAG-SMT2 210251A08870"} -index 0
rst -processor
targets -set -nocase -filter {name =~ "ARM*#0" && jtag_cable_name =~ "Digilent JTAG-SMT2 210251A08870"} -index 0
dow C:/Users/jialf/Desktop/work/fpgaModule/pl_rest/pl_rest/pl_rest.sdk/pl_rest_test/Debug/pl_rest_test.elf
configparams force-mem-access 0
----------------End of Script----------------

11:24:41 INFO  : Memory regions updated for context APU
11:24:41 INFO  : Context for processor 'ps7_cortexa9_0' is selected.
11:24:41 INFO  : 'con' command is executed.
11:24:41 INFO  : ----------------XSDB Script (After Launch)----------------
targets -set -nocase -filter {name =~ "ARM*#0" && jtag_cable_name =~ "Digilent JTAG-SMT2 210251A08870"} -index 0
con
----------------End of Script----------------

11:24:41 INFO  : Launch script is exported to file 'C:\Users\jialf\Desktop\work\fpgaModule\pl_rest\pl_rest\pl_rest.sdk\.sdk\launch_scripts\xilinx_c-c++_application_(system_debugger)\system_debugger_using_debug_pl_rest_test.elf_on_local.tcl'
11:32:17 INFO  : Example project pl_rest_test_bsp_xdevcfg_polled_example_1 has been created successfully.
11:32:58 INFO  : Disconnected from the channel tcfchan#10.
11:35:35 INFO  : Launching XSCT server: xsct.bat -interactive C:\Users\jialf\Desktop\work\fpgaModule\pl_rest\pl_rest\pl_rest.sdk\temp_xsdb_launch_script.tcl
11:35:37 INFO  : XSCT server has started successfully.
11:35:38 INFO  : Successfully done setting XSCT server connection channel  
11:35:38 INFO  : Successfully done setting SDK workspace  
11:35:43 INFO  : Registering command handlers for SDK TCF services
11:35:43 INFO  : Processing command line option -hwspec C:/Users/jialf/Desktop/work/fpgaModule/pl_rest/pl_rest/pl_rest.sdk/design_1_wrapper.hdf.
11:35:43 INFO  : Checking for hwspec changes in the project design_1_wrapper_hw_platform_0.
11:41:49 INFO  : Connected to target on host '127.0.0.1' and port '3121'.
11:41:50 INFO  : Jtag cable 'Digilent JTAG-SMT2 210251A08870' is selected.
11:41:50 INFO  : 'jtag frequency' command is executed.
11:41:50 INFO  : Sourcing of 'C:/Users/jialf/Desktop/work/fpgaModule/pl_rest/pl_rest/pl_rest.sdk/design_1_wrapper_hw_platform_0/ps7_init.tcl' is done.
11:41:50 INFO  : Context for 'APU' is selected.
11:41:50 INFO  : System reset is completed.
11:41:53 INFO  : 'after 3000' command is executed.
11:41:53 INFO  : 'targets -set -filter {jtag_cable_name =~ "Digilent JTAG-SMT2 210251A08870" && level==0} -index 1' command is executed.
11:41:55 INFO  : FPGA configured successfully with bitstream "C:/Users/jialf/Desktop/work/fpgaModule/pl_rest/pl_rest/pl_rest.sdk/design_1_wrapper_hw_platform_0/design_1_wrapper.bit"
11:41:56 INFO  : Context for 'APU' is selected.
11:41:56 INFO  : Hardware design information is loaded from 'C:/Users/jialf/Desktop/work/fpgaModule/pl_rest/pl_rest/pl_rest.sdk/design_1_wrapper_hw_platform_0/system.hdf'.
11:41:56 INFO  : 'configparams force-mem-access 1' command is executed.
11:41:56 INFO  : Context for 'APU' is selected.
11:41:56 INFO  : 'ps7_init' command is executed.
11:41:56 INFO  : 'ps7_post_config' command is executed.
11:41:56 INFO  : Context for processor 'ps7_cortexa9_0' is selected.
11:41:56 INFO  : The application 'C:/Users/jialf/Desktop/work/fpgaModule/pl_rest/pl_rest/pl_rest.sdk/pl_rest_test/Debug/pl_rest_test.elf' is downloaded to processor 'ps7_cortexa9_0'.
11:41:56 INFO  : 'configparams force-mem-access 0' command is executed.
11:41:56 INFO  : ----------------XSDB Script----------------
connect -url tcp:127.0.0.1:3121
source C:/Users/jialf/Desktop/work/fpgaModule/pl_rest/pl_rest/pl_rest.sdk/design_1_wrapper_hw_platform_0/ps7_init.tcl
targets -set -nocase -filter {name =~"APU*" && jtag_cable_name =~ "Digilent JTAG-SMT2 210251A08870"} -index 0
rst -system
after 3000
targets -set -filter {jtag_cable_name =~ "Digilent JTAG-SMT2 210251A08870" && level==0} -index 1
fpga -file C:/Users/jialf/Desktop/work/fpgaModule/pl_rest/pl_rest/pl_rest.sdk/design_1_wrapper_hw_platform_0/design_1_wrapper.bit
targets -set -nocase -filter {name =~"APU*" && jtag_cable_name =~ "Digilent JTAG-SMT2 210251A08870"} -index 0
loadhw -hw C:/Users/jialf/Desktop/work/fpgaModule/pl_rest/pl_rest/pl_rest.sdk/design_1_wrapper_hw_platform_0/system.hdf -mem-ranges [list {0x40000000 0xbfffffff}]
configparams force-mem-access 1
targets -set -nocase -filter {name =~"APU*" && jtag_cable_name =~ "Digilent JTAG-SMT2 210251A08870"} -index 0
ps7_init
ps7_post_config
targets -set -nocase -filter {name =~ "ARM*#0" && jtag_cable_name =~ "Digilent JTAG-SMT2 210251A08870"} -index 0
dow C:/Users/jialf/Desktop/work/fpgaModule/pl_rest/pl_rest/pl_rest.sdk/pl_rest_test/Debug/pl_rest_test.elf
configparams force-mem-access 0
----------------End of Script----------------

11:41:56 INFO  : Memory regions updated for context APU
11:41:56 INFO  : Context for processor 'ps7_cortexa9_0' is selected.
11:41:56 INFO  : 'con' command is executed.
11:41:56 INFO  : ----------------XSDB Script (After Launch)----------------
targets -set -nocase -filter {name =~ "ARM*#0" && jtag_cable_name =~ "Digilent JTAG-SMT2 210251A08870"} -index 0
con
----------------End of Script----------------

11:41:56 INFO  : Launch script is exported to file 'C:\Users\jialf\Desktop\work\fpgaModule\pl_rest\pl_rest\pl_rest.sdk\.sdk\launch_scripts\xilinx_c-c++_application_(system_debugger)\system_debugger_using_debug_pl_rest_test.elf_on_local.tcl'
11:42:31 INFO  : Disconnected from the channel tcfchan#1.
11:42:32 INFO  : Connected to target on host '127.0.0.1' and port '3121'.
11:42:32 INFO  : Jtag cable 'Digilent JTAG-SMT2 210251A08870' is selected.
11:42:32 INFO  : 'jtag frequency' command is executed.
11:42:32 INFO  : Sourcing of 'C:/Users/jialf/Desktop/work/fpgaModule/pl_rest/pl_rest/pl_rest.sdk/design_1_wrapper_hw_platform_0/ps7_init.tcl' is done.
11:42:32 INFO  : Context for 'APU' is selected.
11:42:32 INFO  : System reset is completed.
11:42:35 INFO  : 'after 3000' command is executed.
11:42:35 INFO  : 'targets -set -filter {jtag_cable_name =~ "Digilent JTAG-SMT2 210251A08870" && level==0} -index 1' command is executed.
11:42:37 INFO  : FPGA configured successfully with bitstream "C:/Users/jialf/Desktop/work/fpgaModule/pl_rest/pl_rest/pl_rest.sdk/design_1_wrapper_hw_platform_0/design_1_wrapper.bit"
11:42:37 INFO  : Context for 'APU' is selected.
11:42:39 INFO  : Hardware design information is loaded from 'C:/Users/jialf/Desktop/work/fpgaModule/pl_rest/pl_rest/pl_rest.sdk/design_1_wrapper_hw_platform_0/system.hdf'.
11:42:39 INFO  : 'configparams force-mem-access 1' command is executed.
11:42:39 INFO  : Context for 'APU' is selected.
11:42:39 INFO  : 'ps7_init' command is executed.
11:42:39 INFO  : 'ps7_post_config' command is executed.
11:42:39 INFO  : Context for processor 'ps7_cortexa9_0' is selected.
11:42:39 INFO  : The application 'C:/Users/jialf/Desktop/work/fpgaModule/pl_rest/pl_rest/pl_rest.sdk/pl_rest_test/Debug/pl_rest_test.elf' is downloaded to processor 'ps7_cortexa9_0'.
11:42:39 INFO  : 'configparams force-mem-access 0' command is executed.
11:42:39 INFO  : ----------------XSDB Script----------------
connect -url tcp:127.0.0.1:3121
source C:/Users/jialf/Desktop/work/fpgaModule/pl_rest/pl_rest/pl_rest.sdk/design_1_wrapper_hw_platform_0/ps7_init.tcl
targets -set -nocase -filter {name =~"APU*" && jtag_cable_name =~ "Digilent JTAG-SMT2 210251A08870"} -index 0
rst -system
after 3000
targets -set -filter {jtag_cable_name =~ "Digilent JTAG-SMT2 210251A08870" && level==0} -index 1
fpga -file C:/Users/jialf/Desktop/work/fpgaModule/pl_rest/pl_rest/pl_rest.sdk/design_1_wrapper_hw_platform_0/design_1_wrapper.bit
targets -set -nocase -filter {name =~"APU*" && jtag_cable_name =~ "Digilent JTAG-SMT2 210251A08870"} -index 0
loadhw -hw C:/Users/jialf/Desktop/work/fpgaModule/pl_rest/pl_rest/pl_rest.sdk/design_1_wrapper_hw_platform_0/system.hdf -mem-ranges [list {0x40000000 0xbfffffff}]
configparams force-mem-access 1
targets -set -nocase -filter {name =~"APU*" && jtag_cable_name =~ "Digilent JTAG-SMT2 210251A08870"} -index 0
ps7_init
ps7_post_config
targets -set -nocase -filter {name =~ "ARM*#0" && jtag_cable_name =~ "Digilent JTAG-SMT2 210251A08870"} -index 0
dow C:/Users/jialf/Desktop/work/fpgaModule/pl_rest/pl_rest/pl_rest.sdk/pl_rest_test/Debug/pl_rest_test.elf
configparams force-mem-access 0
----------------End of Script----------------

11:42:39 INFO  : Memory regions updated for context APU
11:42:39 INFO  : Context for processor 'ps7_cortexa9_0' is selected.
11:42:39 INFO  : 'con' command is executed.
11:42:39 INFO  : ----------------XSDB Script (After Launch)----------------
targets -set -nocase -filter {name =~ "ARM*#0" && jtag_cable_name =~ "Digilent JTAG-SMT2 210251A08870"} -index 0
con
----------------End of Script----------------

11:42:39 INFO  : Launch script is exported to file 'C:\Users\jialf\Desktop\work\fpgaModule\pl_rest\pl_rest\pl_rest.sdk\.sdk\launch_scripts\xilinx_c-c++_application_(system_debugger)\system_debugger_using_debug_pl_rest_test.elf_on_local.tcl'
11:43:41 INFO  : Restoring File Contents to Memory...
11:43:50 INFO  : Restored Contents to Memory Successfully from File C:\Users\jialf\Desktop\work\fpgaModule\pl_rest\pl_rest\pl_rest.sdk\design_1_wrapper_hw_platform_0\design_1_wrapper.bin
11:44:32 INFO  : Disconnected from the channel tcfchan#2.
11:44:55 INFO  : Connected to target on host '127.0.0.1' and port '3121'.
11:44:56 INFO  : Jtag cable 'Digilent JTAG-SMT2 210251A08870' is selected.
11:44:56 INFO  : 'jtag frequency' command is executed.
11:44:56 INFO  : Sourcing of 'C:/Users/jialf/Desktop/work/fpgaModule/pl_rest/pl_rest/pl_rest.sdk/design_1_wrapper_hw_platform_0/ps7_init.tcl' is done.
11:44:56 INFO  : Context for 'APU' is selected.
11:44:56 INFO  : System reset is completed.
11:44:59 INFO  : 'after 3000' command is executed.
11:44:59 INFO  : 'targets -set -filter {jtag_cable_name =~ "Digilent JTAG-SMT2 210251A08870" && level==0} -index 1' command is executed.
11:45:01 INFO  : FPGA configured successfully with bitstream "C:/Users/jialf/Desktop/work/fpgaModule/pl_rest/pl_rest/pl_rest.sdk/design_1_wrapper_hw_platform_0/design_1_wrapper.bit"
11:45:01 INFO  : Context for 'APU' is selected.
11:45:02 INFO  : Hardware design information is loaded from 'C:/Users/jialf/Desktop/work/fpgaModule/pl_rest/pl_rest/pl_rest.sdk/design_1_wrapper_hw_platform_0/system.hdf'.
11:45:02 INFO  : 'configparams force-mem-access 1' command is executed.
11:45:02 INFO  : Context for 'APU' is selected.
11:45:02 INFO  : 'ps7_init' command is executed.
11:45:02 INFO  : 'ps7_post_config' command is executed.
11:45:02 INFO  : Context for processor 'ps7_cortexa9_0' is selected.
11:45:02 INFO  : The application 'C:/Users/jialf/Desktop/work/fpgaModule/pl_rest/pl_rest/pl_rest.sdk/pl_rest_test/Debug/pl_rest_test.elf' is downloaded to processor 'ps7_cortexa9_0'.
11:45:02 INFO  : 'configparams force-mem-access 0' command is executed.
11:45:02 INFO  : ----------------XSDB Script----------------
connect -url tcp:127.0.0.1:3121
source C:/Users/jialf/Desktop/work/fpgaModule/pl_rest/pl_rest/pl_rest.sdk/design_1_wrapper_hw_platform_0/ps7_init.tcl
targets -set -nocase -filter {name =~"APU*" && jtag_cable_name =~ "Digilent JTAG-SMT2 210251A08870"} -index 0
rst -system
after 3000
targets -set -filter {jtag_cable_name =~ "Digilent JTAG-SMT2 210251A08870" && level==0} -index 1
fpga -file C:/Users/jialf/Desktop/work/fpgaModule/pl_rest/pl_rest/pl_rest.sdk/design_1_wrapper_hw_platform_0/design_1_wrapper.bit
targets -set -nocase -filter {name =~"APU*" && jtag_cable_name =~ "Digilent JTAG-SMT2 210251A08870"} -index 0
loadhw -hw C:/Users/jialf/Desktop/work/fpgaModule/pl_rest/pl_rest/pl_rest.sdk/design_1_wrapper_hw_platform_0/system.hdf -mem-ranges [list {0x40000000 0xbfffffff}]
configparams force-mem-access 1
targets -set -nocase -filter {name =~"APU*" && jtag_cable_name =~ "Digilent JTAG-SMT2 210251A08870"} -index 0
ps7_init
ps7_post_config
targets -set -nocase -filter {name =~ "ARM*#0" && jtag_cable_name =~ "Digilent JTAG-SMT2 210251A08870"} -index 0
dow C:/Users/jialf/Desktop/work/fpgaModule/pl_rest/pl_rest/pl_rest.sdk/pl_rest_test/Debug/pl_rest_test.elf
configparams force-mem-access 0
----------------End of Script----------------

11:45:02 INFO  : Memory regions updated for context APU
11:45:02 INFO  : Context for processor 'ps7_cortexa9_0' is selected.
11:45:02 INFO  : 'con' command is executed.
11:45:02 INFO  : ----------------XSDB Script (After Launch)----------------
targets -set -nocase -filter {name =~ "ARM*#0" && jtag_cable_name =~ "Digilent JTAG-SMT2 210251A08870"} -index 0
con
----------------End of Script----------------

11:45:02 INFO  : Launch script is exported to file 'C:\Users\jialf\Desktop\work\fpgaModule\pl_rest\pl_rest\pl_rest.sdk\.sdk\launch_scripts\xilinx_c-c++_application_(system_debugger)\system_debugger_using_debug_pl_rest_test.elf_on_local.tcl'
11:45:38 INFO  : Disconnected from the channel tcfchan#3.
11:45:39 INFO  : Connected to target on host '127.0.0.1' and port '3121'.
11:45:40 INFO  : Jtag cable 'Digilent JTAG-SMT2 210251A08870' is selected.
11:45:40 INFO  : 'jtag frequency' command is executed.
11:45:40 INFO  : Sourcing of 'C:/Users/jialf/Desktop/work/fpgaModule/pl_rest/pl_rest/pl_rest.sdk/design_1_wrapper_hw_platform_0/ps7_init.tcl' is done.
11:45:40 INFO  : Context for 'APU' is selected.
11:45:40 INFO  : System reset is completed.
11:45:43 INFO  : 'after 3000' command is executed.
11:45:43 INFO  : 'targets -set -filter {jtag_cable_name =~ "Digilent JTAG-SMT2 210251A08870" && level==0} -index 1' command is executed.
11:45:45 INFO  : FPGA configured successfully with bitstream "C:/Users/jialf/Desktop/work/fpgaModule/pl_rest/pl_rest/pl_rest.sdk/design_1_wrapper_hw_platform_0/design_1_wrapper.bit"
11:45:45 INFO  : Context for 'APU' is selected.
11:45:47 INFO  : Hardware design information is loaded from 'C:/Users/jialf/Desktop/work/fpgaModule/pl_rest/pl_rest/pl_rest.sdk/design_1_wrapper_hw_platform_0/system.hdf'.
11:45:47 INFO  : 'configparams force-mem-access 1' command is executed.
11:45:47 INFO  : Context for 'APU' is selected.
11:45:47 INFO  : 'ps7_init' command is executed.
11:45:47 INFO  : 'ps7_post_config' command is executed.
11:45:47 INFO  : Context for processor 'ps7_cortexa9_0' is selected.
11:45:47 INFO  : The application 'C:/Users/jialf/Desktop/work/fpgaModule/pl_rest/pl_rest/pl_rest.sdk/pl_rest_test/Debug/pl_rest_test.elf' is downloaded to processor 'ps7_cortexa9_0'.
11:45:47 INFO  : 'configparams force-mem-access 0' command is executed.
11:45:47 INFO  : ----------------XSDB Script----------------
connect -url tcp:127.0.0.1:3121
source C:/Users/jialf/Desktop/work/fpgaModule/pl_rest/pl_rest/pl_rest.sdk/design_1_wrapper_hw_platform_0/ps7_init.tcl
targets -set -nocase -filter {name =~"APU*" && jtag_cable_name =~ "Digilent JTAG-SMT2 210251A08870"} -index 0
rst -system
after 3000
targets -set -filter {jtag_cable_name =~ "Digilent JTAG-SMT2 210251A08870" && level==0} -index 1
fpga -file C:/Users/jialf/Desktop/work/fpgaModule/pl_rest/pl_rest/pl_rest.sdk/design_1_wrapper_hw_platform_0/design_1_wrapper.bit
targets -set -nocase -filter {name =~"APU*" && jtag_cable_name =~ "Digilent JTAG-SMT2 210251A08870"} -index 0
loadhw -hw C:/Users/jialf/Desktop/work/fpgaModule/pl_rest/pl_rest/pl_rest.sdk/design_1_wrapper_hw_platform_0/system.hdf -mem-ranges [list {0x40000000 0xbfffffff}]
configparams force-mem-access 1
targets -set -nocase -filter {name =~"APU*" && jtag_cable_name =~ "Digilent JTAG-SMT2 210251A08870"} -index 0
ps7_init
ps7_post_config
targets -set -nocase -filter {name =~ "ARM*#0" && jtag_cable_name =~ "Digilent JTAG-SMT2 210251A08870"} -index 0
dow C:/Users/jialf/Desktop/work/fpgaModule/pl_rest/pl_rest/pl_rest.sdk/pl_rest_test/Debug/pl_rest_test.elf
configparams force-mem-access 0
----------------End of Script----------------

11:45:47 INFO  : Memory regions updated for context APU
11:45:47 INFO  : Context for processor 'ps7_cortexa9_0' is selected.
11:45:47 INFO  : 'con' command is executed.
11:45:47 INFO  : ----------------XSDB Script (After Launch)----------------
targets -set -nocase -filter {name =~ "ARM*#0" && jtag_cable_name =~ "Digilent JTAG-SMT2 210251A08870"} -index 0
con
----------------End of Script----------------

11:45:47 INFO  : Launch script is exported to file 'C:\Users\jialf\Desktop\work\fpgaModule\pl_rest\pl_rest\pl_rest.sdk\.sdk\launch_scripts\xilinx_c-c++_application_(system_debugger)\system_debugger_using_debug_pl_rest_test.elf_on_local.tcl'
12:33:00 INFO  : Disconnected from the channel tcfchan#4.
